# JRE version: Java(TM) SE Runtime Environment (8.0_25-b18) (build 1.8.0_25-b18)
# Java VM: Java HotSpot(TM) 64-Bit Server VM (25.25-b02 mixed mode windows-amd64 compressed oops)
Heap:
 PSYoungGen      total 164352K, used 123288K [0x00000000dc000000, 0x00000000e9e80000, 0x0000000100000000)
  eden space 154624K, 73% used [0x00000000dc000000,0x00000000e2ee6470,0x00000000e5700000)
  from space 9728K, 99% used [0x00000000e5700000,0x00000000e607fc08,0x00000000e6080000)
  to   space 13312K, 0% used [0x00000000e9180000,0x00000000e9180000,0x00000000e9e80000)
 ParOldGen       total 76800K, used 25263K [0x0000000094000000, 0x0000000098b00000, 0x00000000dc000000)
  object space 76800K, 32% used [0x0000000094000000,0x00000000958abc38,0x0000000098b00000)
 Metaspace       used 55422K, capacity 58204K, committed 58328K, reserved 1099776K
  class space    used 7647K, capacity 8130K, committed 8192K, reserved 1048576K
GC Heap History (10 events):
Event: 8.543 GC heap before
{Heap before GC invocations=11 (full 1):
 PSYoungGen      total 95232K, used 95207K [0x00000000dc000000, 0x00000000e4600000, 0x0000000100000000)
  eden space 87040K, 100% used [0x00000000dc000000,0x00000000e1500000,0x00000000e1500000)
  from space 8192K, 99% used [0x00000000e1500000,0x00000000e1cf9c68,0x00000000e1d00000)
  to   space 9216K, 0% used [0x00000000e3d00000,0x00000000e3d00000,0x00000000e4600000)
 ParOldGen       total 48128K, used 7639K [0x0000000094000000, 0x0000000096f00000, 0x00000000dc000000)
  object space 48128K, 15% used [0x0000000094000000,0x0000000094775d50,0x0000000096f00000)
 Metaspace       used 29636K, capacity 30716K, committed 30976K, reserved 1075200K
  class space    used 4039K, capacity 4276K, committed 4352K, reserved 1048576K
Event: 8.553 GC heap after
Heap after GC invocations=11 (full 1):
 PSYoungGen      total 126976K, used 7879K [0x00000000dc000000, 0x00000000e4600000, 0x0000000100000000)
  eden space 117760K, 0% used [0x00000000dc000000,0x00000000dc000000,0x00000000e3300000)
  from space 9216K, 85% used [0x00000000e3d00000,0x00000000e44b1f18,0x00000000e4600000)
  to   space 9728K, 0% used [0x00000000e3300000,0x00000000e3300000,0x00000000e3c80000)
 ParOldGen       total 48128K, used 10372K [0x0000000094000000, 0x0000000096f00000, 0x00000000dc000000)
  object space 48128K, 21% used [0x0000000094000000,0x0000000094a21198,0x0000000096f00000)
 Metaspace       used 29636K, capacity 30716K, committed 30976K, reserved 1075200K
  class space    used 4039K, capacity 4276K, committed 4352K, reserved 1048576K
}
Event: 13.923 GC heap before
{Heap before GC invocations=12 (full 1):
 PSYoungGen      total 126976K, used 84283K [0x00000000dc000000, 0x00000000e4600000, 0x0000000100000000)
  eden space 117760K, 64% used [0x00000000dc000000,0x00000000e0a9cf30,0x00000000e3300000)
  from space 9216K, 85% used [0x00000000e3d00000,0x00000000e44b1f18,0x00000000e4600000)
  to   space 9728K, 0% used [0x00000000e3300000,0x00000000e3300000,0x00000000e3c80000)
 ParOldGen       total 48128K, used 10372K [0x0000000094000000, 0x0000000096f00000, 0x00000000dc000000)
  object space 48128K, 21% used [0x0000000094000000,0x0000000094a21198,0x0000000096f00000)
 Metaspace       used 33696K, capacity 35244K, committed 35416K, reserved 1079296K
  class space    used 4588K, capacity 4874K, committed 4992K, reserved 1048576K
Event: 13.931 GC heap after
Heap after GC invocations=12 (full 1):
 PSYoungGen      total 127488K, used 5940K [0x00000000dc000000, 0x00000000e6980000, 0x0000000100000000)
  eden space 117760K, 0% used [0x00000000dc000000,0x00000000dc000000,0x00000000e3300000)
  from space 9728K, 61% used [0x00000000e3300000,0x00000000e38cd068,0x00000000e3c80000)
  to   space 9216K, 0% used [0x00000000e6080000,0x00000000e6080000,0x00000000e6980000)
 ParOldGen       total 48128K, used 14396K [0x0000000094000000, 0x0000000096f00000, 0x00000000dc000000)
  object space 48128K, 29% used [0x0000000094000000,0x0000000094e0f1f8,0x0000000096f00000)
 Metaspace       used 33696K, capacity 35244K, committed 35416K, reserved 1079296K
  class space    used 4588K, capacity 4874K, committed 4992K, reserved 1048576K
}
Event: 13.931 GC heap before
{Heap before GC invocations=13 (full 2):
 PSYoungGen      total 127488K, used 5940K [0x00000000dc000000, 0x00000000e6980000, 0x0000000100000000)
  eden space 117760K, 0% used [0x00000000dc000000,0x00000000dc000000,0x00000000e3300000)
  from space 9728K, 61% used [0x00000000e3300000,0x00000000e38cd068,0x00000000e3c80000)
  to   space 9216K, 0% used [0x00000000e6080000,0x00000000e6080000,0x00000000e6980000)
 ParOldGen       total 48128K, used 14396K [0x0000000094000000, 0x0000000096f00000, 0x00000000dc000000)
  object space 48128K, 29% used [0x0000000094000000,0x0000000094e0f1f8,0x0000000096f00000)
 Metaspace       used 33696K, capacity 35244K, committed 35416K, reserved 1079296K
  class space    used 4588K, capacity 4874K, committed 4992K, reserved 1048576K
Event: 14.012 GC heap after
Heap after GC invocations=13 (full 2):
 PSYoungGen      total 127488K, used 0K [0x00000000dc000000, 0x00000000e6980000, 0x0000000100000000)
  eden space 117760K, 0% used [0x00000000dc000000,0x00000000dc000000,0x00000000e3300000)
  from space 9728K, 0% used [0x00000000e3300000,0x00000000e3300000,0x00000000e3c80000)
  to   space 9216K, 0% used [0x00000000e6080000,0x00000000e6080000,0x00000000e6980000)
 ParOldGen       total 76800K, used 17002K [0x0000000094000000, 0x0000000098b00000, 0x00000000dc000000)
  object space 76800K, 22% used [0x0000000094000000,0x000000009509aa30,0x0000000098b00000)
 Metaspace       used 33696K, capacity 35244K, committed 35416K, reserved 1079296K
  class space    used 4588K, capacity 4874K, committed 4992K, reserved 1048576K
}
Event: 15.690 GC heap before
{Heap before GC invocations=14 (full 2):
 PSYoungGen      total 127488K, used 117760K [0x00000000dc000000, 0x00000000e6980000, 0x0000000100000000)
  eden space 117760K, 100% used [0x00000000dc000000,0x00000000e3300000,0x00000000e3300000)
  from space 9728K, 0% used [0x00000000e3300000,0x00000000e3300000,0x00000000e3c80000)
  to   space 9216K, 0% used [0x00000000e6080000,0x00000000e6080000,0x00000000e6980000)
 ParOldGen       total 76800K, used 17002K [0x0000000094000000, 0x0000000098b00000, 0x00000000dc000000)
  object space 76800K, 22% used [0x0000000094000000,0x000000009509aa30,0x0000000098b00000)
 Metaspace       used 40278K, capacity 42228K, committed 42456K, reserved 1085440K
  class space    used 5486K, capacity 5858K, committed 5888K, reserved 1048576K
Event: 15.700 GC heap after
Heap after GC invocations=14 (full 2):
 PSYoungGen      total 163840K, used 7010K [0x00000000dc000000, 0x00000000e6a00000, 0x0000000100000000)
  eden space 154624K, 0% used [0x00000000dc000000,0x00000000dc000000,0x00000000e5700000)
  from space 9216K, 76% used [0x00000000e6080000,0x00000000e67588e8,0x00000000e6980000)
  to   space 9728K, 0% used [0x00000000e5700000,0x00000000e5700000,0x00000000e6080000)
 ParOldGen       total 76800K, used 17074K [0x0000000094000000, 0x0000000098b00000, 0x00000000dc000000)
  object space 76800K, 22% used [0x0000000094000000,0x00000000950aca40,0x0000000098b00000)
 Metaspace       used 40278K, capacity 42228K, committed 42456K, reserved 1085440K
  class space    used 5486K, capacity 5858K, committed 5888K, reserved 1048576K
}
Event: 18.011 GC heap before
{Heap before GC invocations=15 (full 2):
 PSYoungGen      total 163840K, used 161634K [0x00000000dc000000, 0x00000000e6a00000, 0x0000000100000000)
  eden space 154624K, 100% used [0x00000000dc000000,0x00000000e5700000,0x00000000e5700000)
  from space 9216K, 76% used [0x00000000e6080000,0x00000000e67588e8,0x00000000e6980000)
  to   space 9728K, 0% used [0x00000000e5700000,0x00000000e5700000,0x00000000e6080000)
 ParOldGen       total 76800K, used 17074K [0x0000000094000000, 0x0000000098b00000, 0x00000000dc000000)
  object space 76800K, 22% used [0x0000000094000000,0x00000000950aca40,0x0000000098b00000)
 Metaspace       used 48995K, capacity 51504K, committed 51800K, reserved 1093632K
  class space    used 6739K, capacity 7194K, committed 7296K, reserved 1048576K
Event: 18.027 GC heap after
Heap after GC invocations=15 (full 2):
 PSYoungGen      total 164352K, used 9727K [0x00000000dc000000, 0x00000000e9e80000, 0x0000000100000000)
  eden space 154624K, 0% used [0x00000000dc000000,0x00000000dc000000,0x00000000e5700000)
  from space 9728K, 99% used [0x00000000e5700000,0x00000000e607fc08,0x00000000e6080000)
  to   space 13312K, 0% used [0x00000000e9180000,0x00000000e9180000,0x00000000e9e80000)
 ParOldGen       total 76800K, used 25263K [0x0000000094000000, 0x0000000098b00000, 0x00000000dc000000)
  object space 76800K, 32% used [0x0000000094000000,0x00000000958abc38,0x0000000098b00000)
 Metaspace       used 48995K, capacity 51504K, committed 51800K, reserved 1093632K
  class space    used 6739K, capacity 7194K, committed 7296K, reserved 1048576K
}

